\BOOKMARK [0][-]{chapter.1}{Introduction}{}% 1
\BOOKMARK [0][-]{chapter.2}{State of The Art}{}% 2
\BOOKMARK [1][-]{section.2.1}{Reproducing Kernel Hilbert Spaces \(RKHS\) }{chapter.2}% 3
\BOOKMARK [2][-]{subsection.2.1.1}{Hilbert Space}{section.2.1}% 4
\BOOKMARK [2][-]{subsection.2.1.2}{Feature maps }{section.2.1}% 5
\BOOKMARK [2][-]{subsection.2.1.3}{RKHS}{section.2.1}% 6
\BOOKMARK [1][-]{section.2.2}{Maximum Mean Discrepancy \(MMD\)}{chapter.2}% 7
\BOOKMARK [2][-]{subsection.2.2.1}{Expressing MMD by mean embeddings}{section.2.2}% 8
\BOOKMARK [2][-]{subsection.2.2.2}{Application to independence test}{section.2.2}% 9
\BOOKMARK [1][-]{section.2.3}{Hilber-Schmidt Independence Criterion\(HSIC\)}{chapter.2}% 10
\BOOKMARK [2][-]{subsection.2.3.1}{Statistics}{section.2.3}% 11
\BOOKMARK [1][-]{section.2.4}{Energy Distance}{chapter.2}% 12
\BOOKMARK [2][-]{subsection.2.4.1}{Definitions}{section.2.4}% 13
\BOOKMARK [2][-]{subsection.2.4.2}{Application to an independence test}{section.2.4}% 14
\BOOKMARK [2][-]{subsection.2.4.3}{Statistics}{section.2.4}% 15
\BOOKMARK [1][-]{section.2.5}{Randomized Dependence Coefficient \(RDC\)}{chapter.2}% 16
\BOOKMARK [2][-]{subsection.2.5.1}{Canonical Correlation Analysis\(CCA\)}{section.2.5}% 17
\BOOKMARK [0][-]{chapter.3}{Design}{}% 18
\BOOKMARK [1][-]{subsection.3.0.1}{Analysis}{chapter.3}% 19
\BOOKMARK [2][-]{subsection.3.0.2}{Design}{subsection.3.0.1}% 20
\BOOKMARK [0][-]{chapter.4}{Development}{}% 21
\BOOKMARK [1][-]{section.4.1}{General aspects of implementation}{chapter.4}% 22
\BOOKMARK [2][-]{subsection.4.1.1}{Efficiency}{section.4.1}% 23
\BOOKMARK [2][-]{subsection.4.1.2}{Modularity and Scalabillity}{section.4.1}% 24
\BOOKMARK [1][-]{section.4.2}{Specific details about each independence test implementation}{chapter.4}% 25
\BOOKMARK [2][-]{subsection.4.2.1}{RDC}{section.4.2}% 26
\BOOKMARK [2][-]{subsection.4.2.2}{HSIC}{section.4.2}% 27
\BOOKMARK [2][-]{subsection.4.2.3}{Plots}{section.4.2}% 28
\BOOKMARK [1][-]{section.4.3}{Version control, repositories and continuous integration}{chapter.4}% 29
\BOOKMARK [1][-]{section.4.4}{Software development}{chapter.4}% 30
\BOOKMARK [0][-]{chapter.5}{Experiments}{}% 31
\BOOKMARK [1][-]{section.5.1}{Power}{chapter.5}% 32
\BOOKMARK [2][-]{subsection.5.1.1}{Real}{section.5.1}% 33
\BOOKMARK [2][-]{subsection.5.1.2}{Asymptotic}{section.5.1}% 34
\BOOKMARK [1][-]{section.5.2}{Time}{chapter.5}% 35
\BOOKMARK [1][-]{section.5.3}{Conclusion}{chapter.5}% 36
\BOOKMARK [0][-]{chapter*.42}{Bibliography}{}% 37
\BOOKMARK [-1][-]{part.1}{Appendices}{}% 38
\BOOKMARK [0][-]{appendix.Alph1}{Proofs}{part.1}% 39
\BOOKMARK [1][-]{section.Alph1.1}{MMD}{appendix.Alph1}% 40
\BOOKMARK [2][-]{subsection.Alph1.1.1}{Proving that MMD defines an homogeneity test }{section.Alph1.1}% 41
\BOOKMARK [2][-]{subsection.Alph1.1.2}{Tensor Products}{section.Alph1.1}% 42
\BOOKMARK [1][-]{section.Alph1.2}{HSIC}{appendix.Alph1}% 43
\BOOKMARK [2][-]{subsection.Alph1.2.1}{HSIC in terms of the Cross Covariance}{section.Alph1.2}% 44
\BOOKMARK [2][-]{subsection.Alph1.2.2}{demonstrations}{section.Alph1.2}% 45
\BOOKMARK [2][-]{subsection.Alph1.2.3}{HSIC empirical convergence }{section.Alph1.2}% 46
\BOOKMARK [1][-]{section.Alph1.3}{Energy Distance}{appendix.Alph1}% 47
\BOOKMARK [2][-]{subsection.Alph1.3.1}{DCOV Convergence of the statistic }{section.Alph1.3}% 48
\BOOKMARK [1][-]{section.Alph1.4}{RDC}{appendix.Alph1}% 49
\BOOKMARK [0][-]{appendix.Alph2}{Further content}{part.1}% 50
\BOOKMARK [1][-]{section.Alph2.1}{Other experiments}{appendix.Alph2}% 51
\BOOKMARK [1][-]{section.Alph2.2}{Asymptotic distribution}{appendix.Alph2}% 52
